<?xml version="1.0" encoding="UTF-8"?>
<!-- Generated by org.testng.reporters.JUnitReportReporter -->
<testsuite skipped="0" hostname="SIDDHARTH" name="product.amazon.tc.Tc_Check" tests="1" failures="0" timestamp="2021-07-08T16:43:56 IST" time="47.552" errors="0">
  <testcase name="cartsearch" time="47.552" classname="product.amazon.tc.Tc_Check"/>
  <system-out>
    <![CDATA[Product entered in  Search Box :mobile
Search Box Button Clicked.
Product Searched successfully:mobile]]>
  </system-out>
</testsuite> <!-- product.amazon.tc.Tc_Check -->
