<?xml version="1.0" encoding="UTF-8"?>
<!-- Generated by org.testng.reporters.JUnitReportReporter -->
<testsuite skipped="0" hostname="SIDDHARTH" name="product.amazon.tc.AmazonSearchTextBox" tests="1" failures="0" timestamp="2021-07-08T17:02:01 IST" time="53.329" errors="0">
  <testcase name="cartSearch" time="53.329" classname="product.amazon.tc.AmazonSearchTextBox"/>
  <system-out>
    <![CDATA[Product entered in  Search Box :Mobile
Search Box Button Clicked.
Product Searched successfully:Mobile]]>
  </system-out>
</testsuite> <!-- product.amazon.tc.AmazonSearchTextBox -->
