<?xml version="1.0" encoding="UTF-8"?>
<!-- Generated by org.testng.reporters.JUnitReportReporter -->
<testsuite skipped="0" hostname="DESKTOP-H61LHE9" name="Selenium.LaunchChrome" tests="2" failures="0" timestamp="2021-07-01T15:12:57 IST" time="17.867" errors="0">
  <testcase name="TestAssert2" time="5.876" classname="Selenium.LaunchChrome"/>
  <system-out/>
  <testcase name="TestAssert" time="11.991" classname="Selenium.LaunchChrome"/>
  <system-out/>
</testsuite> <!-- Selenium.LaunchChrome -->
