<?xml version="1.0" encoding="UTF-8"?>
<!-- Generated by org.testng.reporters.JUnitReportReporter -->
<testsuite hostname="SIDDHARTH" failures="0" tests="2" name="Maven.TestConfigs" time="13.661" errors="0" timestamp="2021-07-02T14:30:32 IST" skipped="0">
  <testcase classname="Maven.TestConfigs" name="Test1" time="6.580"/>
  <system-out/>
  <testcase classname="Maven.TestConfigs" name="Test2" time="7.081"/>
  <system-out/>
</testsuite> <!-- Maven.TestConfigs -->
